<?xml version="1.0" encoding="UTF-8"?>
<testng-results ignored="0" total="2" passed="2" failed="0" skipped="0">
  <reporter-output>
  </reporter-output>
  <suite started-at="2025-11-27T14:28:59 IST" name="Default suite" finished-at="2025-11-27T14:29:04 IST" duration-ms="5154">
    <groups>
    </groups>
    <test started-at="2025-11-27T14:28:59 IST" name="Default test" finished-at="2025-11-27T14:29:04 IST" duration-ms="5154">
      <class name="cloud.Souce_Login">
        <test-method is-config="true" signature="setUp()[pri:0, instance:cloud.Souce_Login@38425407]" started-at="2025-11-27T14:28:59 IST" name="setUp" finished-at="2025-11-27T14:29:04 IST" duration-ms="4582" status="PASS">
          <reporter-output>
          </reporter-output>
        </test-method> <!-- setUp -->
        <test-method signature="Login()[pri:1, instance:cloud.Souce_Login@38425407]" started-at="2025-11-27T14:29:04 IST" name="Login" finished-at="2025-11-27T14:29:04 IST" duration-ms="325" status="PASS">
          <reporter-output>
          </reporter-output>
        </test-method> <!-- Login -->
        <test-method signature="TestAdtocart()[pri:2, instance:cloud.Souce_Login@38425407]" started-at="2025-11-27T14:29:04 IST" name="TestAdtocart" finished-at="2025-11-27T14:29:04 IST" duration-ms="201" status="PASS">
          <reporter-output>
          </reporter-output>
        </test-method> <!-- TestAdtocart -->
      </class> <!-- cloud.Souce_Login -->
    </test> <!-- Default test -->
  </suite> <!-- Default suite -->
</testng-results>
